<?xml version="1.0" encoding="UTF-8"?>
<!-- Generated by org.testng.reporters.JUnitXMLReporter -->
<testsuite ignored="0" hostname="CSQQ0B3" failures="2" tests="10" name="Personal Loan" time="3.777" errors="0" timestamp="2021-08-09T11:07:17 IST">
  <testcase classname="test.TestNg" name="f" time="0.006">
    <failure type="java.lang.AssertionError" message="expected [Free QA Automation Tools Tutorial for Beginners with Examples] but found [Tools QA]">
      <![CDATA[java.lang.AssertionError: expected [Free QA Automation Tools Tutorial for Beginners with Examples] but found [Tools QA]
at test.TestNg.f(TestNg.java:18)
at java.base/java.util.ArrayList.forEach(ArrayList.java:1541)
at java.base/java.util.concurrent.FutureTask.run(FutureTask.java:264)
at java.base/java.util.concurrent.ThreadPoolExecutor.runWorker(ThreadPoolExecutor.java:1128)
at java.base/java.util.concurrent.ThreadPoolExecutor$Worker.run(ThreadPoolExecutor.java:628)
at java.base/java.lang.Thread.run(Thread.java:829)
... Removed 24 stack frames]]>
    </failure>
  </testcase> <!-- f -->
  <testcase classname="test.TestNg" name="s" time="0.0"/>
  <testcase classname="test.First" name="data" time="0.001"/>
  <testcase classname="test.First" name="data" time="0.001"/>
  <testcase classname="test.First" name="data" time="0.0"/>
  <testcase classname="test.First" name="f" time="0.0"/>
  <testcase classname="test.First" name="s" time="0.001">
    <failure type="java.lang.AssertionError" message="expected [true] but found [false]">
      <![CDATA[java.lang.AssertionError: expected [true] but found [false]
at test.First.s(First.java:15)
at java.base/java.util.ArrayList.forEach(ArrayList.java:1541)
at java.base/java.util.concurrent.FutureTask.run(FutureTask.java:264)
at java.base/java.util.concurrent.ThreadPoolExecutor.runWorker(ThreadPoolExecutor.java:1128)
at java.base/java.util.concurrent.ThreadPoolExecutor$Worker.run(ThreadPoolExecutor.java:628)
at java.base/java.lang.Thread.run(Thread.java:829)
... Removed 22 stack frames]]>
    </failure>
  </testcase> <!-- s -->
  <testcase classname="test.HomeLoan" name="apiLoginHomeLoan" time="0.003"/>
  <testcase classname="test.HomeLoan" name="mobileLoginHomeLoan" time="0.001"/>
  <testcase classname="test.HomeLoan" name="webLoginHomeLoan" time="0.0"/>
</testsuite> <!-- Personal Loan -->
